<?xml version="1.0" encoding="UTF-8"?>
<!-- Generated by org.testng.reporters.JUnitReportReporter -->
<testsuite hostname="LENOVO" name="pack4.ej_4" tests="1" failures="0" timestamp="13 Apr 2016 20:38:30 GMT" time="18.086" errors="0">
  <testcase name="exercise04" time="18.086" classname="pack4.ej_4"/>
</testsuite> <!-- pack4.ej_4 -->
