<?xml version="1.0" encoding="UTF-8"?>
<!-- Generated by org.testng.reporters.JUnitReportReporter -->
<testsuite hostname="LENOVO" name="pack3.ej_3" tests="1" failures="0" timestamp="8 Apr 2016 21:45:01 GMT" time="19.345" errors="0">
  <testcase name="exercise03" time="19.345" classname="pack3.ej_3"/>
</testsuite> <!-- pack3.ej_3 -->
