<?xml version="1.0" encoding="UTF-8"?>
<!-- Generated by org.testng.reporters.JUnitReportReporter -->
<testsuite hostname="LENOVO" name="pack_proy_final.Inicial" tests="8" failures="0" timestamp="2 May 2016 23:27:25 GMT" time="87.098" errors="0">
  <testcase name="enviar_correo1" time="5.226" classname="pack_proy_final.Inicial"/>
  <testcase name="enviar_correo1" time="5.976" classname="pack_proy_final.Inicial"/>
  <testcase name="ComprobarRecibidos" time="28.817" classname="pack_proy_final.Inicial"/>
  <testcase name="comprobar_correos1" time="21.947" classname="pack_proy_final.Inicial"/>
  <testcase name="deslog" time="0.660" classname="pack_proy_final.Inicial"/>
  <testcase name="enviar_correo1" time="13.926" classname="pack_proy_final.Inicial"/>
  <testcase name="logueo2" time="4.914" classname="pack_proy_final.Inicial"/>
  <testcase name="logueo1" time="5.632" classname="pack_proy_final.Inicial"/>
</testsuite> <!-- pack_proy_final.Inicial -->
